15:05:27.846 INFO - Launching a standalone server
15:05:27.896 INFO - Java: Oracle Corporation 25.20-b23
15:05:27.896 INFO - OS: Mac OS X 10.10.2 x86_64
15:05:27.908 INFO - v2.44.0, with Core v2.44.0. Built from revision 76d78cf
15:05:27.992 INFO - Default driver org.openqa.selenium.ie.InternetExplorerDriver registration is skipped: registration capabilities Capabilities [{ensureCleanSession=true, browserName=internet explorer, version=, platform=WINDOWS}] does not match with current platform: MAC
15:05:28.059 INFO - RemoteWebDriver instances should connect to: http://127.0.0.1:4444/wd/hub
15:05:28.060 INFO - Version Jetty/5.1.x
15:05:28.061 INFO - Started HttpContext[/selenium-server,/selenium-server]
15:05:28.087 INFO - Started org.openqa.jetty.jetty.servlet.ServletHandler@47f37ef1
15:05:28.087 INFO - Started HttpContext[/wd,/wd]
15:05:28.087 INFO - Started HttpContext[/selenium-server/driver,/selenium-server/driver]
15:05:28.087 INFO - Started HttpContext[/,/]
15:05:28.090 INFO - Started SocketListener on 0.0.0.0:4444
15:05:28.091 INFO - Started org.openqa.jetty.jetty.Server@6e2c634b
15:05:28.329 INFO - Executing: [new session: Capabilities [{acceptSslCerts=true, name=Crud Test, browserName=firefox, javascriptEnabled=true, platform=ANY}]])
15:05:28.339 INFO - Creating a new session for Capabilities [{acceptSslCerts=true, name=Crud Test, browserName=firefox, javascriptEnabled=true, platform=ANY}]
15:05:30.927 INFO - Done: [new session: Capabilities [{acceptSslCerts=true, name=Crud Test, browserName=firefox, javascriptEnabled=true, platform=ANY}]]
15:05:30.934 INFO - Executing: [get: http://localhost:8888])
15:05:31.282 INFO - Done: [get: http://localhost:8888]
15:05:31.287 INFO - Executing: [find element: By.selector: body])
15:05:31.338 INFO - Done: [find element: By.selector: body]
15:05:31.341 INFO - Executing: [is displayed: 0 [[FirefoxDriver: firefox on MAC (04287c07-465f-d04c-92bc-246d70b2c16c)] -> css selector: body]])
15:05:31.378 INFO - Done: [is displayed: 0 [[FirefoxDriver: firefox on MAC (04287c07-465f-d04c-92bc-246d70b2c16c)] -> css selector: body]]
15:05:31.382 INFO - Executing: [find element: By.selector: #graphContainer svg])
15:05:31.390 INFO - Done: [find element: By.selector: #graphContainer svg]
15:05:31.392 INFO - Executing: [mousemove: 1 true])
15:05:31.420 INFO - Done: [mousemove: 1 true]
15:05:31.423 INFO - Executing: [doubleclick: no args])
15:05:31.508 INFO - Done: [doubleclick: no args]
15:05:31.511 INFO - Executing: [find element: By.selector: .sideMenuHeader])
15:05:31.530 INFO - Done: [find element: By.selector: .sideMenuHeader]
15:05:31.534 INFO - Executing: [find element: By.selector: #sideMenu])
15:05:31.605 INFO - Done: [find element: By.selector: #sideMenu]
15:05:31.609 INFO - Executing: [get text: 3 [[FirefoxDriver: firefox on MAC (04287c07-465f-d04c-92bc-246d70b2c16c)] -> css selector: #sideMenu]])
15:05:31.670 INFO - Done: [get text: 3 [[FirefoxDriver: firefox on MAC (04287c07-465f-d04c-92bc-246d70b2c16c)] -> css selector: #sideMenu]]
15:05:31.674 INFO - Executing: [find element: By.selector: .labelInput])
15:05:31.688 INFO - Done: [find element: By.selector: .labelInput]
15:05:31.692 INFO - Executing: [send keys: 4 [[FirefoxDriver: firefox on MAC (04287c07-465f-d04c-92bc-246d70b2c16c)] -> css selector: .labelInput], [T, e, s, t]])
15:05:31.757 INFO - Done: [send keys: 4 [[FirefoxDriver: firefox on MAC (04287c07-465f-d04c-92bc-246d70b2c16c)] -> css selector: .labelInput], [T, e, s, t]]
15:05:31.760 INFO - Executing: [find element: By.selector: .saveBtn])
15:05:31.775 INFO - Done: [find element: By.selector: .saveBtn]
15:05:31.777 INFO - Executing: [click: 5 [[FirefoxDriver: firefox on MAC (04287c07-465f-d04c-92bc-246d70b2c16c)] -> css selector: .saveBtn]])
15:05:31.844 INFO - Done: [click: 5 [[FirefoxDriver: firefox on MAC (04287c07-465f-d04c-92bc-246d70b2c16c)] -> css selector: .saveBtn]]
15:05:31.847 INFO - Executing: [find element: By.selector: .successToast])
15:05:31.861 INFO - Done: [find element: By.selector: .successToast]
15:05:31.863 INFO - Executing: [is displayed: 6 [[FirefoxDriver: firefox on MAC (04287c07-465f-d04c-92bc-246d70b2c16c)] -> css selector: .successToast]])
15:05:31.877 INFO - Done: [is displayed: 6 [[FirefoxDriver: firefox on MAC (04287c07-465f-d04c-92bc-246d70b2c16c)] -> css selector: .successToast]]
15:05:32.385 INFO - Executing: [is displayed: 6 [[FirefoxDriver: firefox on MAC (04287c07-465f-d04c-92bc-246d70b2c16c)] -> css selector: .successToast]])
15:05:32.395 INFO - Done: [is displayed: 6 [[FirefoxDriver: firefox on MAC (04287c07-465f-d04c-92bc-246d70b2c16c)] -> css selector: .successToast]]
15:05:32.402 INFO - Executing: [find element: By.selector: .successToast])
15:05:32.409 INFO - Done: [find element: By.selector: .successToast]
15:05:32.411 INFO - Executing: [get text: 6 [[FirefoxDriver: firefox on MAC (04287c07-465f-d04c-92bc-246d70b2c16c)] -> css selector: .successToast]])
15:05:32.425 INFO - Done: [get text: 6 [[FirefoxDriver: firefox on MAC (04287c07-465f-d04c-92bc-246d70b2c16c)] -> css selector: .successToast]]
15:05:32.427 INFO - Executing: [find element: By.selector: .successToast])
15:05:32.441 INFO - Done: [find element: By.selector: .successToast]
15:05:32.443 INFO - Executing: [is displayed: 6 [[FirefoxDriver: firefox on MAC (04287c07-465f-d04c-92bc-246d70b2c16c)] -> css selector: .successToast]])
15:05:32.459 INFO - Done: [is displayed: 6 [[FirefoxDriver: firefox on MAC (04287c07-465f-d04c-92bc-246d70b2c16c)] -> css selector: .successToast]]
15:05:32.966 INFO - Executing: [is displayed: 6 [[FirefoxDriver: firefox on MAC (04287c07-465f-d04c-92bc-246d70b2c16c)] -> css selector: .successToast]])
15:05:32.980 INFO - Done: [is displayed: 6 [[FirefoxDriver: firefox on MAC (04287c07-465f-d04c-92bc-246d70b2c16c)] -> css selector: .successToast]]
15:05:33.484 INFO - Executing: [is displayed: 6 [[FirefoxDriver: firefox on MAC (04287c07-465f-d04c-92bc-246d70b2c16c)] -> css selector: .successToast]])
15:05:33.496 INFO - Done: [is displayed: 6 [[FirefoxDriver: firefox on MAC (04287c07-465f-d04c-92bc-246d70b2c16c)] -> css selector: .successToast]]
15:05:34.005 INFO - Executing: [is displayed: 6 [[FirefoxDriver: firefox on MAC (04287c07-465f-d04c-92bc-246d70b2c16c)] -> css selector: .successToast]])
15:05:34.012 INFO - Done: [is displayed: 6 [[FirefoxDriver: firefox on MAC (04287c07-465f-d04c-92bc-246d70b2c16c)] -> css selector: .successToast]]
15:05:34.518 INFO - Executing: [is displayed: 6 [[FirefoxDriver: firefox on MAC (04287c07-465f-d04c-92bc-246d70b2c16c)] -> css selector: .successToast]])
15:05:34.538 INFO - Done: [is displayed: 6 [[FirefoxDriver: firefox on MAC (04287c07-465f-d04c-92bc-246d70b2c16c)] -> css selector: .successToast]]
15:05:35.045 INFO - Executing: [is displayed: 6 [[FirefoxDriver: firefox on MAC (04287c07-465f-d04c-92bc-246d70b2c16c)] -> css selector: .successToast]])
15:05:35.059 INFO - Done: [is displayed: 6 [[FirefoxDriver: firefox on MAC (04287c07-465f-d04c-92bc-246d70b2c16c)] -> css selector: .successToast]]
15:05:35.062 INFO - Executing: [find element: By.selector: #graphContainer svg])
15:05:35.075 INFO - Done: [find element: By.selector: #graphContainer svg]
15:05:35.077 INFO - Executing: [mousemove: 1 true])
15:05:35.095 INFO - Done: [mousemove: 1 true]
15:05:35.097 INFO - Executing: [doubleclick: no args])
15:05:35.162 INFO - Done: [doubleclick: no args]
15:05:35.166 INFO - Executing: [find element: By.selector: .sideMenuHeader])
15:05:35.275 INFO - Done: [find element: By.selector: .sideMenuHeader]
15:05:35.284 INFO - Executing: [find element: By.selector: #sideMenu])
15:05:35.293 INFO - Done: [find element: By.selector: #sideMenu]
15:05:35.295 INFO - Executing: [get text: 3 [[FirefoxDriver: firefox on MAC (04287c07-465f-d04c-92bc-246d70b2c16c)] -> css selector: #sideMenu]])
15:05:35.363 INFO - Done: [get text: 3 [[FirefoxDriver: firefox on MAC (04287c07-465f-d04c-92bc-246d70b2c16c)] -> css selector: #sideMenu]]
15:05:35.366 INFO - Executing: [find element: By.selector: .labelInput])
15:05:35.378 INFO - Done: [find element: By.selector: .labelInput]
15:05:35.380 INFO - Executing: [send keys: 7 [[FirefoxDriver: firefox on MAC (04287c07-465f-d04c-92bc-246d70b2c16c)] -> css selector: .labelInput], [T, e, s, t]])
15:05:35.423 INFO - Done: [send keys: 7 [[FirefoxDriver: firefox on MAC (04287c07-465f-d04c-92bc-246d70b2c16c)] -> css selector: .labelInput], [T, e, s, t]]
15:05:35.426 INFO - Executing: [find element: By.selector: .saveBtn])
15:05:35.441 INFO - Done: [find element: By.selector: .saveBtn]
15:05:35.443 INFO - Executing: [click: 5 [[FirefoxDriver: firefox on MAC (04287c07-465f-d04c-92bc-246d70b2c16c)] -> css selector: .saveBtn]])
15:05:35.511 INFO - Done: [click: 5 [[FirefoxDriver: firefox on MAC (04287c07-465f-d04c-92bc-246d70b2c16c)] -> css selector: .saveBtn]]
15:05:35.515 INFO - Executing: [find element: By.selector: .successToast])
15:05:35.541 INFO - Done: [find element: By.selector: .successToast]
15:05:35.544 INFO - Executing: [is displayed: 6 [[FirefoxDriver: firefox on MAC (04287c07-465f-d04c-92bc-246d70b2c16c)] -> css selector: .successToast]])
15:05:35.628 INFO - Done: [is displayed: 6 [[FirefoxDriver: firefox on MAC (04287c07-465f-d04c-92bc-246d70b2c16c)] -> css selector: .successToast]]
15:05:35.631 INFO - Executing: [find element: By.selector: .successToast])
15:05:35.645 INFO - Done: [find element: By.selector: .successToast]
15:05:35.648 INFO - Executing: [get text: 6 [[FirefoxDriver: firefox on MAC (04287c07-465f-d04c-92bc-246d70b2c16c)] -> css selector: .successToast]])
15:05:35.658 INFO - Done: [get text: 6 [[FirefoxDriver: firefox on MAC (04287c07-465f-d04c-92bc-246d70b2c16c)] -> css selector: .successToast]]
15:05:35.661 INFO - Executing: [find element: By.selector: .successToast])
15:05:35.675 INFO - Done: [find element: By.selector: .successToast]
15:05:35.677 INFO - Executing: [is displayed: 6 [[FirefoxDriver: firefox on MAC (04287c07-465f-d04c-92bc-246d70b2c16c)] -> css selector: .successToast]])
15:05:35.693 INFO - Done: [is displayed: 6 [[FirefoxDriver: firefox on MAC (04287c07-465f-d04c-92bc-246d70b2c16c)] -> css selector: .successToast]]
15:05:36.199 INFO - Executing: [is displayed: 6 [[FirefoxDriver: firefox on MAC (04287c07-465f-d04c-92bc-246d70b2c16c)] -> css selector: .successToast]])
15:05:36.211 INFO - Done: [is displayed: 6 [[FirefoxDriver: firefox on MAC (04287c07-465f-d04c-92bc-246d70b2c16c)] -> css selector: .successToast]]
15:05:36.715 INFO - Executing: [is displayed: 6 [[FirefoxDriver: firefox on MAC (04287c07-465f-d04c-92bc-246d70b2c16c)] -> css selector: .successToast]])
15:05:36.727 INFO - Done: [is displayed: 6 [[FirefoxDriver: firefox on MAC (04287c07-465f-d04c-92bc-246d70b2c16c)] -> css selector: .successToast]]
15:05:37.234 INFO - Executing: [is displayed: 6 [[FirefoxDriver: firefox on MAC (04287c07-465f-d04c-92bc-246d70b2c16c)] -> css selector: .successToast]])
15:05:37.245 INFO - Done: [is displayed: 6 [[FirefoxDriver: firefox on MAC (04287c07-465f-d04c-92bc-246d70b2c16c)] -> css selector: .successToast]]
15:05:37.751 INFO - Executing: [is displayed: 6 [[FirefoxDriver: firefox on MAC (04287c07-465f-d04c-92bc-246d70b2c16c)] -> css selector: .successToast]])
15:05:37.763 INFO - Done: [is displayed: 6 [[FirefoxDriver: firefox on MAC (04287c07-465f-d04c-92bc-246d70b2c16c)] -> css selector: .successToast]]
15:05:38.269 INFO - Executing: [is displayed: 6 [[FirefoxDriver: firefox on MAC (04287c07-465f-d04c-92bc-246d70b2c16c)] -> css selector: .successToast]])
15:05:38.277 INFO - Done: [is displayed: 6 [[FirefoxDriver: firefox on MAC (04287c07-465f-d04c-92bc-246d70b2c16c)] -> css selector: .successToast]]
15:05:38.783 INFO - Executing: [is displayed: 6 [[FirefoxDriver: firefox on MAC (04287c07-465f-d04c-92bc-246d70b2c16c)] -> css selector: .successToast]])
15:05:38.793 INFO - Done: [is displayed: 6 [[FirefoxDriver: firefox on MAC (04287c07-465f-d04c-92bc-246d70b2c16c)] -> css selector: .successToast]]
15:05:38.796 INFO - Executing: [find element: By.selector: .node])
15:05:38.809 INFO - Done: [find element: By.selector: .node]
15:05:38.811 INFO - Executing: [click: 8 [[FirefoxDriver: firefox on MAC (04287c07-465f-d04c-92bc-246d70b2c16c)] -> css selector: .node]])
15:05:38.978 INFO - Done: [click: 8 [[FirefoxDriver: firefox on MAC (04287c07-465f-d04c-92bc-246d70b2c16c)] -> css selector: .node]]
15:05:38.982 INFO - Executing: [find element: By.selector: .sideMenuHeader])
15:05:38.993 INFO - Done: [find element: By.selector: .sideMenuHeader]
15:05:38.995 INFO - Executing: [find element: By.selector: #sideMenu])
15:05:39.010 INFO - Done: [find element: By.selector: #sideMenu]
15:05:39.012 INFO - Executing: [get text: 3 [[FirefoxDriver: firefox on MAC (04287c07-465f-d04c-92bc-246d70b2c16c)] -> css selector: #sideMenu]])
15:05:39.094 INFO - Done: [get text: 3 [[FirefoxDriver: firefox on MAC (04287c07-465f-d04c-92bc-246d70b2c16c)] -> css selector: #sideMenu]]
15:05:39.097 INFO - Executing: [find element: By.selector: input])
15:05:39.110 INFO - Done: [find element: By.selector: input]
15:05:39.112 INFO - Executing: [send keys: 9 [[FirefoxDriver: firefox on MAC (04287c07-465f-d04c-92bc-246d70b2c16c)] -> css selector: input], [t, e, s, t]])
15:05:39.157 INFO - Done: [send keys: 9 [[FirefoxDriver: firefox on MAC (04287c07-465f-d04c-92bc-246d70b2c16c)] -> css selector: input], [t, e, s, t]]
15:05:39.160 INFO - Executing: [find element: By.selector: .saveBtn])
15:05:39.175 INFO - Done: [find element: By.selector: .saveBtn]
15:05:39.177 INFO - Executing: [click: 5 [[FirefoxDriver: firefox on MAC (04287c07-465f-d04c-92bc-246d70b2c16c)] -> css selector: .saveBtn]])
15:05:39.258 INFO - Done: [click: 5 [[FirefoxDriver: firefox on MAC (04287c07-465f-d04c-92bc-246d70b2c16c)] -> css selector: .saveBtn]]
15:05:39.261 INFO - Executing: [find element: By.selector: .successToast])
15:05:39.279 INFO - Done: [find element: By.selector: .successToast]
15:05:39.281 INFO - Executing: [is displayed: 6 [[FirefoxDriver: firefox on MAC (04287c07-465f-d04c-92bc-246d70b2c16c)] -> css selector: .successToast]])
15:05:39.293 INFO - Done: [is displayed: 6 [[FirefoxDriver: firefox on MAC (04287c07-465f-d04c-92bc-246d70b2c16c)] -> css selector: .successToast]]
15:05:39.295 INFO - Executing: [find element: By.selector: .successToast])
15:05:39.308 INFO - Done: [find element: By.selector: .successToast]
15:05:39.309 INFO - Executing: [get text: 6 [[FirefoxDriver: firefox on MAC (04287c07-465f-d04c-92bc-246d70b2c16c)] -> css selector: .successToast]])
15:05:39.358 INFO - Done: [get text: 6 [[FirefoxDriver: firefox on MAC (04287c07-465f-d04c-92bc-246d70b2c16c)] -> css selector: .successToast]]
15:05:39.361 INFO - Executing: [find element: By.selector: .successToast])
15:05:39.375 INFO - Done: [find element: By.selector: .successToast]
15:05:39.377 INFO - Executing: [is displayed: 6 [[FirefoxDriver: firefox on MAC (04287c07-465f-d04c-92bc-246d70b2c16c)] -> css selector: .successToast]])
15:05:39.391 INFO - Done: [is displayed: 6 [[FirefoxDriver: firefox on MAC (04287c07-465f-d04c-92bc-246d70b2c16c)] -> css selector: .successToast]]
15:05:39.896 INFO - Executing: [is displayed: 6 [[FirefoxDriver: firefox on MAC (04287c07-465f-d04c-92bc-246d70b2c16c)] -> css selector: .successToast]])
15:05:40.066 INFO - Done: [is displayed: 6 [[FirefoxDriver: firefox on MAC (04287c07-465f-d04c-92bc-246d70b2c16c)] -> css selector: .successToast]]
15:05:40.574 INFO - Executing: [is displayed: 6 [[FirefoxDriver: firefox on MAC (04287c07-465f-d04c-92bc-246d70b2c16c)] -> css selector: .successToast]])
15:05:40.591 INFO - Done: [is displayed: 6 [[FirefoxDriver: firefox on MAC (04287c07-465f-d04c-92bc-246d70b2c16c)] -> css selector: .successToast]]
15:05:41.098 INFO - Executing: [is displayed: 6 [[FirefoxDriver: firefox on MAC (04287c07-465f-d04c-92bc-246d70b2c16c)] -> css selector: .successToast]])
15:05:41.106 INFO - Done: [is displayed: 6 [[FirefoxDriver: firefox on MAC (04287c07-465f-d04c-92bc-246d70b2c16c)] -> css selector: .successToast]]
15:05:41.612 INFO - Executing: [is displayed: 6 [[FirefoxDriver: firefox on MAC (04287c07-465f-d04c-92bc-246d70b2c16c)] -> css selector: .successToast]])
15:05:41.620 INFO - Done: [is displayed: 6 [[FirefoxDriver: firefox on MAC (04287c07-465f-d04c-92bc-246d70b2c16c)] -> css selector: .successToast]]
15:05:42.124 INFO - Executing: [is displayed: 6 [[FirefoxDriver: firefox on MAC (04287c07-465f-d04c-92bc-246d70b2c16c)] -> css selector: .successToast]])
15:05:42.132 INFO - Done: [is displayed: 6 [[FirefoxDriver: firefox on MAC (04287c07-465f-d04c-92bc-246d70b2c16c)] -> css selector: .successToast]]
15:05:42.135 INFO - Executing: [find element: By.selector: .node circle])
15:05:42.140 INFO - Done: [find element: By.selector: .node circle]
15:05:42.142 INFO - Executing: [mousemove: 10 true])
15:05:42.156 INFO - Done: [mousemove: 10 true]
15:05:42.159 INFO - Executing: [find element: By.selector: .node + .node text])
15:05:42.165 INFO - Done: [find element: By.selector: .node + .node text]
15:05:42.166 INFO - Executing: [get text: 11 [[FirefoxDriver: firefox on MAC (04287c07-465f-d04c-92bc-246d70b2c16c)] -> css selector: .node + .node text]])
15:05:42.173 INFO - Done: [get text: 11 [[FirefoxDriver: firefox on MAC (04287c07-465f-d04c-92bc-246d70b2c16c)] -> css selector: .node + .node text]]
15:05:42.175 INFO - Executing: [doubleclick: no args])
15:05:42.251 INFO - Done: [doubleclick: no args]
15:05:42.254 INFO - Executing: [find element: By.selector: .sideMenuHeader])
15:05:42.259 INFO - Done: [find element: By.selector: .sideMenuHeader]
15:05:42.261 INFO - Executing: [find element: By.selector: #sideMenu])
15:05:42.268 INFO - Done: [find element: By.selector: #sideMenu]
15:05:42.270 INFO - Executing: [get text: 3 [[FirefoxDriver: firefox on MAC (04287c07-465f-d04c-92bc-246d70b2c16c)] -> css selector: #sideMenu]])
15:05:42.330 INFO - Done: [get text: 3 [[FirefoxDriver: firefox on MAC (04287c07-465f-d04c-92bc-246d70b2c16c)] -> css selector: #sideMenu]]
15:05:42.333 INFO - Executing: [find element: By.selector: .labelInput])
15:05:42.338 INFO - Done: [find element: By.selector: .labelInput]
15:05:42.341 INFO - Executing: [send keys: 12 [[FirefoxDriver: firefox on MAC (04287c07-465f-d04c-92bc-246d70b2c16c)] -> css selector: .labelInput], [E, D, G, E]])
15:05:42.378 INFO - Done: [send keys: 12 [[FirefoxDriver: firefox on MAC (04287c07-465f-d04c-92bc-246d70b2c16c)] -> css selector: .labelInput], [E, D, G, E]]
15:05:42.381 INFO - Executing: [find element: By.selector: .endNodeInput])
15:05:42.389 INFO - Done: [find element: By.selector: .endNodeInput]
15:05:42.391 INFO - Executing: [send keys: 13 [[FirefoxDriver: firefox on MAC (04287c07-465f-d04c-92bc-246d70b2c16c)] -> css selector: .endNodeInput], [1, 4]])
15:05:42.420 INFO - Done: [send keys: 13 [[FirefoxDriver: firefox on MAC (04287c07-465f-d04c-92bc-246d70b2c16c)] -> css selector: .endNodeInput], [1, 4]]
15:05:42.423 INFO - Executing: [find element: By.selector: .saveBtn])
15:05:42.430 INFO - Done: [find element: By.selector: .saveBtn]
15:05:42.431 INFO - Executing: [click: 5 [[FirefoxDriver: firefox on MAC (04287c07-465f-d04c-92bc-246d70b2c16c)] -> css selector: .saveBtn]])
15:05:42.560 INFO - Done: [click: 5 [[FirefoxDriver: firefox on MAC (04287c07-465f-d04c-92bc-246d70b2c16c)] -> css selector: .saveBtn]]
15:05:42.564 INFO - Executing: [find element: By.selector: .successToast])
15:05:42.579 INFO - Done: [find element: By.selector: .successToast]
15:05:42.581 INFO - Executing: [find element: By.selector: .successToast])
15:05:42.594 INFO - Done: [find element: By.selector: .successToast]
15:05:42.596 INFO - Executing: [get text: 6 [[FirefoxDriver: firefox on MAC (04287c07-465f-d04c-92bc-246d70b2c16c)] -> css selector: .successToast]])
15:05:42.612 INFO - Done: [get text: 6 [[FirefoxDriver: firefox on MAC (04287c07-465f-d04c-92bc-246d70b2c16c)] -> css selector: .successToast]]
15:05:42.614 INFO - Executing: [find element: By.selector: .successToast])
15:05:42.627 INFO - Done: [find element: By.selector: .successToast]
15:05:42.628 INFO - Executing: [is displayed: 6 [[FirefoxDriver: firefox on MAC (04287c07-465f-d04c-92bc-246d70b2c16c)] -> css selector: .successToast]])
15:05:42.643 INFO - Done: [is displayed: 6 [[FirefoxDriver: firefox on MAC (04287c07-465f-d04c-92bc-246d70b2c16c)] -> css selector: .successToast]]
15:05:43.150 INFO - Executing: [is displayed: 6 [[FirefoxDriver: firefox on MAC (04287c07-465f-d04c-92bc-246d70b2c16c)] -> css selector: .successToast]])
15:05:43.175 INFO - Done: [is displayed: 6 [[FirefoxDriver: firefox on MAC (04287c07-465f-d04c-92bc-246d70b2c16c)] -> css selector: .successToast]]
15:05:43.683 INFO - Executing: [is displayed: 6 [[FirefoxDriver: firefox on MAC (04287c07-465f-d04c-92bc-246d70b2c16c)] -> css selector: .successToast]])
15:05:43.709 INFO - Done: [is displayed: 6 [[FirefoxDriver: firefox on MAC (04287c07-465f-d04c-92bc-246d70b2c16c)] -> css selector: .successToast]]
15:05:44.217 INFO - Executing: [is displayed: 6 [[FirefoxDriver: firefox on MAC (04287c07-465f-d04c-92bc-246d70b2c16c)] -> css selector: .successToast]])
15:05:44.229 INFO - Done: [is displayed: 6 [[FirefoxDriver: firefox on MAC (04287c07-465f-d04c-92bc-246d70b2c16c)] -> css selector: .successToast]]
15:05:44.735 INFO - Executing: [is displayed: 6 [[FirefoxDriver: firefox on MAC (04287c07-465f-d04c-92bc-246d70b2c16c)] -> css selector: .successToast]])
15:05:44.756 INFO - Done: [is displayed: 6 [[FirefoxDriver: firefox on MAC (04287c07-465f-d04c-92bc-246d70b2c16c)] -> css selector: .successToast]]
15:05:45.264 INFO - Executing: [is displayed: 6 [[FirefoxDriver: firefox on MAC (04287c07-465f-d04c-92bc-246d70b2c16c)] -> css selector: .successToast]])
15:05:45.281 INFO - Done: [is displayed: 6 [[FirefoxDriver: firefox on MAC (04287c07-465f-d04c-92bc-246d70b2c16c)] -> css selector: .successToast]]
15:05:45.787 INFO - Executing: [is displayed: 6 [[FirefoxDriver: firefox on MAC (04287c07-465f-d04c-92bc-246d70b2c16c)] -> css selector: .successToast]])
15:05:45.794 INFO - Done: [is displayed: 6 [[FirefoxDriver: firefox on MAC (04287c07-465f-d04c-92bc-246d70b2c16c)] -> css selector: .successToast]]
15:05:45.796 INFO - Executing: [find element: By.xpath: //*[local-name() = 'g'][@class="link"][last()]])
15:05:45.810 INFO - Done: [find element: By.xpath: //*[local-name() = 'g'][@class="link"][last()]]
15:05:45.812 INFO - Executing: [click: 14 [[FirefoxDriver: firefox on MAC (04287c07-465f-d04c-92bc-246d70b2c16c)] -> xpath: //*[local-name() = 'g'][@class="link"][last()]]])
15:05:45.975 INFO - Done: [click: 14 [[FirefoxDriver: firefox on MAC (04287c07-465f-d04c-92bc-246d70b2c16c)] -> xpath: //*[local-name() = 'g'][@class="link"][last()]]]
15:05:45.978 INFO - Executing: [find element: By.selector: .sideMenuHeader])
15:05:46.007 INFO - Done: [find element: By.selector: .sideMenuHeader]
15:05:46.009 INFO - Executing: [find element: By.selector: #sideMenu])
15:05:46.023 INFO - Done: [find element: By.selector: #sideMenu]
15:05:46.025 INFO - Executing: [get text: 3 [[FirefoxDriver: firefox on MAC (04287c07-465f-d04c-92bc-246d70b2c16c)] -> css selector: #sideMenu]])
15:05:46.061 INFO - Done: [get text: 3 [[FirefoxDriver: firefox on MAC (04287c07-465f-d04c-92bc-246d70b2c16c)] -> css selector: #sideMenu]]
15:05:46.064 INFO - Executing: [find element: By.selector: .saveBtn])
15:05:46.077 INFO - Done: [find element: By.selector: .saveBtn]
15:05:46.079 INFO - Executing: [click: 5 [[FirefoxDriver: firefox on MAC (04287c07-465f-d04c-92bc-246d70b2c16c)] -> css selector: .saveBtn]])
15:05:46.177 INFO - Done: [click: 5 [[FirefoxDriver: firefox on MAC (04287c07-465f-d04c-92bc-246d70b2c16c)] -> css selector: .saveBtn]]
15:05:46.180 INFO - Executing: [find element: By.selector: .successToast])
15:05:46.194 INFO - Done: [find element: By.selector: .successToast]
15:05:46.197 INFO - Executing: [find element: By.selector: .successToast])
15:05:46.209 INFO - Done: [find element: By.selector: .successToast]
15:05:46.212 INFO - Executing: [get text: 6 [[FirefoxDriver: firefox on MAC (04287c07-465f-d04c-92bc-246d70b2c16c)] -> css selector: .successToast]])
15:05:46.226 INFO - Done: [get text: 6 [[FirefoxDriver: firefox on MAC (04287c07-465f-d04c-92bc-246d70b2c16c)] -> css selector: .successToast]]
15:05:46.228 INFO - Executing: [find element: By.selector: .successToast])
15:05:46.243 INFO - Done: [find element: By.selector: .successToast]
15:05:46.244 INFO - Executing: [is displayed: 6 [[FirefoxDriver: firefox on MAC (04287c07-465f-d04c-92bc-246d70b2c16c)] -> css selector: .successToast]])
15:05:46.249 INFO - Done: [is displayed: 6 [[FirefoxDriver: firefox on MAC (04287c07-465f-d04c-92bc-246d70b2c16c)] -> css selector: .successToast]]
15:05:46.754 INFO - Executing: [is displayed: 6 [[FirefoxDriver: firefox on MAC (04287c07-465f-d04c-92bc-246d70b2c16c)] -> css selector: .successToast]])
15:05:46.768 INFO - Done: [is displayed: 6 [[FirefoxDriver: firefox on MAC (04287c07-465f-d04c-92bc-246d70b2c16c)] -> css selector: .successToast]]
15:05:47.275 INFO - Executing: [is displayed: 6 [[FirefoxDriver: firefox on MAC (04287c07-465f-d04c-92bc-246d70b2c16c)] -> css selector: .successToast]])
15:05:47.291 INFO - Done: [is displayed: 6 [[FirefoxDriver: firefox on MAC (04287c07-465f-d04c-92bc-246d70b2c16c)] -> css selector: .successToast]]
15:05:47.798 INFO - Executing: [is displayed: 6 [[FirefoxDriver: firefox on MAC (04287c07-465f-d04c-92bc-246d70b2c16c)] -> css selector: .successToast]])
15:05:47.805 INFO - Done: [is displayed: 6 [[FirefoxDriver: firefox on MAC (04287c07-465f-d04c-92bc-246d70b2c16c)] -> css selector: .successToast]]
15:05:48.313 INFO - Executing: [is displayed: 6 [[FirefoxDriver: firefox on MAC (04287c07-465f-d04c-92bc-246d70b2c16c)] -> css selector: .successToast]])
15:05:48.321 INFO - Done: [is displayed: 6 [[FirefoxDriver: firefox on MAC (04287c07-465f-d04c-92bc-246d70b2c16c)] -> css selector: .successToast]]
15:05:48.826 INFO - Executing: [is displayed: 6 [[FirefoxDriver: firefox on MAC (04287c07-465f-d04c-92bc-246d70b2c16c)] -> css selector: .successToast]])
15:05:48.842 INFO - Done: [is displayed: 6 [[FirefoxDriver: firefox on MAC (04287c07-465f-d04c-92bc-246d70b2c16c)] -> css selector: .successToast]]
15:05:49.345 INFO - Executing: [is displayed: 6 [[FirefoxDriver: firefox on MAC (04287c07-465f-d04c-92bc-246d70b2c16c)] -> css selector: .successToast]])
15:05:49.352 INFO - Done: [is displayed: 6 [[FirefoxDriver: firefox on MAC (04287c07-465f-d04c-92bc-246d70b2c16c)] -> css selector: .successToast]]
15:05:49.354 INFO - Executing: [find element: By.xpath: //*[local-name() = 'g'][@class="link"][last()]])
15:05:49.360 INFO - Done: [find element: By.xpath: //*[local-name() = 'g'][@class="link"][last()]]
15:05:49.362 INFO - Executing: [click: 14 [[FirefoxDriver: firefox on MAC (04287c07-465f-d04c-92bc-246d70b2c16c)] -> xpath: //*[local-name() = 'g'][@class="link"][last()]]])
15:05:49.422 INFO - Done: [click: 14 [[FirefoxDriver: firefox on MAC (04287c07-465f-d04c-92bc-246d70b2c16c)] -> xpath: //*[local-name() = 'g'][@class="link"][last()]]]
15:05:49.426 INFO - Executing: [find element: By.selector: .sideMenuHeader])
15:05:49.431 INFO - Done: [find element: By.selector: .sideMenuHeader]
15:05:49.434 INFO - Executing: [find element: By.selector: #sideMenu])
15:05:49.438 INFO - Done: [find element: By.selector: #sideMenu]
15:05:49.439 INFO - Executing: [get text: 3 [[FirefoxDriver: firefox on MAC (04287c07-465f-d04c-92bc-246d70b2c16c)] -> css selector: #sideMenu]])
15:05:49.465 INFO - Done: [get text: 3 [[FirefoxDriver: firefox on MAC (04287c07-465f-d04c-92bc-246d70b2c16c)] -> css selector: #sideMenu]]
15:05:49.468 INFO - Executing: [find element: By.selector: .successToast])
15:05:49.473 INFO - Done: [find element: By.selector: .successToast]
15:05:49.474 INFO - Executing: [is displayed: 6 [[FirefoxDriver: firefox on MAC (04287c07-465f-d04c-92bc-246d70b2c16c)] -> css selector: .successToast]])
15:05:49.480 INFO - Done: [is displayed: 6 [[FirefoxDriver: firefox on MAC (04287c07-465f-d04c-92bc-246d70b2c16c)] -> css selector: .successToast]]
15:05:49.482 INFO - Executing: [find element: By.selector: .deleteBtn])
15:05:49.486 INFO - Done: [find element: By.selector: .deleteBtn]
15:05:49.488 INFO - Executing: [click: 15 [[FirefoxDriver: firefox on MAC (04287c07-465f-d04c-92bc-246d70b2c16c)] -> css selector: .deleteBtn]])
15:05:49.611 INFO - Done: [click: 15 [[FirefoxDriver: firefox on MAC (04287c07-465f-d04c-92bc-246d70b2c16c)] -> css selector: .deleteBtn]]
15:05:49.615 INFO - Executing: [find element: By.xpath: //*[local-name() = 'g'][@class="node"][last()]])
15:05:49.629 INFO - Done: [find element: By.xpath: //*[local-name() = 'g'][@class="node"][last()]]
15:05:49.630 INFO - Executing: [click: 16 [[FirefoxDriver: firefox on MAC (04287c07-465f-d04c-92bc-246d70b2c16c)] -> xpath: //*[local-name() = 'g'][@class="node"][last()]]])
15:05:49.711 INFO - Done: [click: 16 [[FirefoxDriver: firefox on MAC (04287c07-465f-d04c-92bc-246d70b2c16c)] -> xpath: //*[local-name() = 'g'][@class="node"][last()]]]
15:05:49.714 INFO - Executing: [find element: By.selector: #sideMenu])
15:05:49.806 INFO - Done: [find element: By.selector: #sideMenu]
15:05:49.808 INFO - Executing: [is displayed: 3 [[FirefoxDriver: firefox on MAC (04287c07-465f-d04c-92bc-246d70b2c16c)] -> css selector: #sideMenu]])
15:05:49.821 INFO - Done: [is displayed: 3 [[FirefoxDriver: firefox on MAC (04287c07-465f-d04c-92bc-246d70b2c16c)] -> css selector: #sideMenu]]
15:05:49.824 INFO - Executing: [find element: By.selector: #sideMenu])
15:05:49.837 INFO - Done: [find element: By.selector: #sideMenu]
15:05:49.839 INFO - Executing: [get text: 3 [[FirefoxDriver: firefox on MAC (04287c07-465f-d04c-92bc-246d70b2c16c)] -> css selector: #sideMenu]])
15:05:49.877 INFO - Done: [get text: 3 [[FirefoxDriver: firefox on MAC (04287c07-465f-d04c-92bc-246d70b2c16c)] -> css selector: #sideMenu]]
15:05:49.880 INFO - Executing: [find element: By.selector: .deleteBtn])
15:05:49.891 INFO - Done: [find element: By.selector: .deleteBtn]
15:05:49.893 INFO - Executing: [click: 15 [[FirefoxDriver: firefox on MAC (04287c07-465f-d04c-92bc-246d70b2c16c)] -> css selector: .deleteBtn]])
15:05:50.026 INFO - Done: [click: 15 [[FirefoxDriver: firefox on MAC (04287c07-465f-d04c-92bc-246d70b2c16c)] -> css selector: .deleteBtn]]
15:05:50.029 INFO - Executing: [find element: By.xpath: //*[local-name() = 'g'][@class="node"][last()]])
15:05:50.044 INFO - Done: [find element: By.xpath: //*[local-name() = 'g'][@class="node"][last()]]
15:05:50.046 INFO - Executing: [click: 17 [[FirefoxDriver: firefox on MAC (04287c07-465f-d04c-92bc-246d70b2c16c)] -> xpath: //*[local-name() = 'g'][@class="node"][last()]]])
15:05:50.246 INFO - Done: [click: 17 [[FirefoxDriver: firefox on MAC (04287c07-465f-d04c-92bc-246d70b2c16c)] -> xpath: //*[local-name() = 'g'][@class="node"][last()]]]
15:05:50.249 INFO - Executing: [find element: By.selector: .deleteBtn])
15:05:50.306 INFO - Done: [find element: By.selector: .deleteBtn]
15:05:50.311 INFO - Executing: [click: 15 [[FirefoxDriver: firefox on MAC (04287c07-465f-d04c-92bc-246d70b2c16c)] -> css selector: .deleteBtn]])
15:05:50.460 INFO - Done: [click: 15 [[FirefoxDriver: firefox on MAC (04287c07-465f-d04c-92bc-246d70b2c16c)] -> css selector: .deleteBtn]]
15:05:50.466 INFO - Executing: [delete session: 42051580-8a48-4e33-af0e-a9f44b224407])
15:05:50.538 INFO - Done: [delete session: 42051580-8a48-4e33-af0e-a9f44b224407]
15:05:51.574 INFO - Executing: [new session: Capabilities [{acceptSslCerts=true, name=Server Running Test, browserName=firefox, javascriptEnabled=true, platform=ANY}]])
15:05:51.575 INFO - Creating a new session for Capabilities [{acceptSslCerts=true, name=Server Running Test, browserName=firefox, javascriptEnabled=true, platform=ANY}]
15:05:53.367 INFO - Done: [new session: Capabilities [{acceptSslCerts=true, name=Server Running Test, browserName=firefox, javascriptEnabled=true, platform=ANY}]]
15:05:53.370 INFO - Executing: [get: http://localhost:8888])
15:05:53.631 INFO - Done: [get: http://localhost:8888]
15:05:53.634 INFO - Executing: [find element: By.selector: body])
15:05:53.678 INFO - Done: [find element: By.selector: body]
15:05:53.680 INFO - Executing: [is displayed: 0 [[FirefoxDriver: firefox on MAC (7345ed40-ea48-3244-90f3-c2c8f2bcd7b0)] -> css selector: body]])
15:05:53.693 INFO - Done: [is displayed: 0 [[FirefoxDriver: firefox on MAC (7345ed40-ea48-3244-90f3-c2c8f2bcd7b0)] -> css selector: body]]
15:05:53.694 INFO - Executing: [get title])
15:05:53.699 INFO - Done: [get title]
15:05:53.701 INFO - Executing: [find element: By.selector: .navArrowContainer])
15:05:53.711 INFO - Done: [find element: By.selector: .navArrowContainer]
15:05:53.712 INFO - Executing: [click: 1 [[FirefoxDriver: firefox on MAC (7345ed40-ea48-3244-90f3-c2c8f2bcd7b0)] -> css selector: .navArrowContainer]])
15:05:53.800 INFO - Done: [click: 1 [[FirefoxDriver: firefox on MAC (7345ed40-ea48-3244-90f3-c2c8f2bcd7b0)] -> css selector: .navArrowContainer]]
15:05:53.803 INFO - Executing: [find element: By.selector: #sideMenu])
15:05:53.879 INFO - Done: [find element: By.selector: #sideMenu]
15:05:53.881 INFO - Executing: [get text: 2 [[FirefoxDriver: firefox on MAC (7345ed40-ea48-3244-90f3-c2c8f2bcd7b0)] -> css selector: #sideMenu]])
15:05:53.914 INFO - Done: [get text: 2 [[FirefoxDriver: firefox on MAC (7345ed40-ea48-3244-90f3-c2c8f2bcd7b0)] -> css selector: #sideMenu]]
15:05:53.918 INFO - Executing: [delete session: 4fd96e4c-4b11-43d7-9b3a-f0b7cd3dc43e])
15:05:53.994 INFO - Done: [delete session: 4fd96e4c-4b11-43d7-9b3a-f0b7cd3dc43e]
15:05:54.052 INFO - Shutting down...
